2017-12-12 17:50:16 [scrapy.utils.log] INFO: Scrapy 1.4.0 started (bot: Douban)
2017-12-12 17:50:16 [scrapy.utils.log] INFO: Overridden settings: {'NEWSPIDER_MODULE': 'Douban.spiders', 'SPIDER_MODULES': ['Douban.spiders'], 'BOT_NAME': 'Douban', 'COOKIES_ENABLED': False, 'USER_AGENT': 'User-Agent:Mozilla/5.0 (Macintosh; U; Intel Mac OS X 10_6_8; en-us) AppleWebKit/534.50 (KHTML, like Gecko) Version/5.1 Safari/534.50', 'LOG_FILE': 'douban.log'}
2017-12-12 17:50:16 [scrapy.middleware] INFO: Enabled extensions:
['scrapy.extensions.memusage.MemoryUsage',
 'scrapy.extensions.logstats.LogStats',
 'scrapy.extensions.telnet.TelnetConsole',
 'scrapy.extensions.corestats.CoreStats']
2017-12-12 17:50:17 [scrapy.middleware] INFO: Enabled downloader middlewares:
['scrapy.downloadermiddlewares.httpauth.HttpAuthMiddleware',
 'scrapy.downloadermiddlewares.downloadtimeout.DownloadTimeoutMiddleware',
 'scrapy.downloadermiddlewares.defaultheaders.DefaultHeadersMiddleware',
 'scrapy.downloadermiddlewares.useragent.UserAgentMiddleware',
 'scrapy.downloadermiddlewares.retry.RetryMiddleware',
 'scrapy.downloadermiddlewares.redirect.MetaRefreshMiddleware',
 'scrapy.downloadermiddlewares.httpcompression.HttpCompressionMiddleware',
 'scrapy.downloadermiddlewares.redirect.RedirectMiddleware',
 'scrapy.downloadermiddlewares.httpproxy.HttpProxyMiddleware',
 'scrapy.downloadermiddlewares.stats.DownloaderStats']
2017-12-12 17:50:17 [scrapy.middleware] INFO: Enabled spider middlewares:
['scrapy.spidermiddlewares.httperror.HttpErrorMiddleware',
 'scrapy.spidermiddlewares.offsite.OffsiteMiddleware',
 'scrapy.spidermiddlewares.referer.RefererMiddleware',
 'scrapy.spidermiddlewares.urllength.UrlLengthMiddleware',
 'scrapy.spidermiddlewares.depth.DepthMiddleware']
2017-12-12 17:50:18 [scrapy.middleware] INFO: Enabled item pipelines:
['Douban.pipelines.DoubanJsonPipeline']
2017-12-12 17:50:18 [scrapy.core.engine] INFO: Spider opened
2017-12-12 17:50:19 [scrapy.extensions.logstats] INFO: Crawled 0 pages (at 0 pages/min), scraped 0 items (at 0 items/min)
2017-12-12 17:50:19 [scrapy.extensions.telnet] DEBUG: Telnet console listening on 127.0.0.1:6023
2017-12-12 17:50:19 [scrapy.downloadermiddlewares.redirect] DEBUG: Redirecting (302) to <GET https://sec.douban.com/b?r=https%3A%2F%2Fmovie.douban.com%2Ftop250%3Fstart%3D0> from <GET https://movie.douban.com/top250?start=0>
2017-12-12 17:50:20 [scrapy.core.engine] DEBUG: Crawled (403) <GET https://sec.douban.com/b?r=https%3A%2F%2Fmovie.douban.com%2Ftop250%3Fstart%3D0> (referer: None)
2017-12-12 17:50:20 [scrapy.downloadermiddlewares.redirect] DEBUG: Redirecting (302) to <GET https://sec.douban.com/b?r=https%3A%2F%2Fmovie.douban.com%2Ftop250%3Fstart%3D25> from <GET https://movie.douban.com/top250?start=25>
2017-12-12 17:50:20 [scrapy.core.engine] DEBUG: Crawled (403) <GET https://sec.douban.com/b?r=https%3A%2F%2Fmovie.douban.com%2Ftop250%3Fstart%3D25> (referer: https://sec.douban.com/b?r=https%3A%2F%2Fmovie.douban.com%2Ftop250%3Fstart%3D0)
2017-12-12 17:50:20 [scrapy.downloadermiddlewares.redirect] DEBUG: Redirecting (302) to <GET https://sec.douban.com/b?r=https%3A%2F%2Fmovie.douban.com%2Ftop250%3Fstart%3D50> from <GET https://movie.douban.com/top250?start=50>
2017-12-12 17:50:20 [scrapy.core.engine] DEBUG: Crawled (403) <GET https://sec.douban.com/b?r=https%3A%2F%2Fmovie.douban.com%2Ftop250%3Fstart%3D50> (referer: https://sec.douban.com/b?r=https%3A%2F%2Fmovie.douban.com%2Ftop250%3Fstart%3D25)
2017-12-12 17:50:20 [scrapy.downloadermiddlewares.redirect] DEBUG: Redirecting (302) to <GET https://sec.douban.com/b?r=https%3A%2F%2Fmovie.douban.com%2Ftop250%3Fstart%3D75> from <GET https://movie.douban.com/top250?start=75>
2017-12-12 17:50:20 [scrapy.core.engine] DEBUG: Crawled (403) <GET https://sec.douban.com/b?r=https%3A%2F%2Fmovie.douban.com%2Ftop250%3Fstart%3D75> (referer: https://sec.douban.com/b?r=https%3A%2F%2Fmovie.douban.com%2Ftop250%3Fstart%3D50)
2017-12-12 17:50:21 [scrapy.downloadermiddlewares.redirect] DEBUG: Redirecting (302) to <GET https://sec.douban.com/b?r=https%3A%2F%2Fmovie.douban.com%2Ftop250%3Fstart%3D100> from <GET https://movie.douban.com/top250?start=100>
2017-12-12 17:50:21 [scrapy.core.engine] DEBUG: Crawled (403) <GET https://sec.douban.com/b?r=https%3A%2F%2Fmovie.douban.com%2Ftop250%3Fstart%3D100> (referer: https://sec.douban.com/b?r=https%3A%2F%2Fmovie.douban.com%2Ftop250%3Fstart%3D75)
2017-12-12 17:50:21 [scrapy.downloadermiddlewares.redirect] DEBUG: Redirecting (302) to <GET https://sec.douban.com/b?r=https%3A%2F%2Fmovie.douban.com%2Ftop250%3Fstart%3D125> from <GET https://movie.douban.com/top250?start=125>
2017-12-12 17:50:21 [scrapy.core.engine] DEBUG: Crawled (403) <GET https://sec.douban.com/b?r=https%3A%2F%2Fmovie.douban.com%2Ftop250%3Fstart%3D125> (referer: https://sec.douban.com/b?r=https%3A%2F%2Fmovie.douban.com%2Ftop250%3Fstart%3D100)
2017-12-12 17:50:21 [scrapy.downloadermiddlewares.redirect] DEBUG: Redirecting (302) to <GET https://sec.douban.com/b?r=https%3A%2F%2Fmovie.douban.com%2Ftop250%3Fstart%3D150> from <GET https://movie.douban.com/top250?start=150>
2017-12-12 17:50:21 [scrapy.core.engine] DEBUG: Crawled (403) <GET https://sec.douban.com/b?r=https%3A%2F%2Fmovie.douban.com%2Ftop250%3Fstart%3D150> (referer: https://sec.douban.com/b?r=https%3A%2F%2Fmovie.douban.com%2Ftop250%3Fstart%3D125)
2017-12-12 17:50:21 [scrapy.downloadermiddlewares.redirect] DEBUG: Redirecting (302) to <GET https://sec.douban.com/b?r=https%3A%2F%2Fmovie.douban.com%2Ftop250%3Fstart%3D175> from <GET https://movie.douban.com/top250?start=175>
2017-12-12 17:50:21 [scrapy.core.engine] DEBUG: Crawled (403) <GET https://sec.douban.com/b?r=https%3A%2F%2Fmovie.douban.com%2Ftop250%3Fstart%3D175> (referer: https://sec.douban.com/b?r=https%3A%2F%2Fmovie.douban.com%2Ftop250%3Fstart%3D150)
2017-12-12 17:50:21 [scrapy.downloadermiddlewares.redirect] DEBUG: Redirecting (302) to <GET https://sec.douban.com/b?r=https%3A%2F%2Fmovie.douban.com%2Ftop250%3Fstart%3D200> from <GET https://movie.douban.com/top250?start=200>
2017-12-12 17:50:21 [scrapy.core.engine] DEBUG: Crawled (403) <GET https://sec.douban.com/b?r=https%3A%2F%2Fmovie.douban.com%2Ftop250%3Fstart%3D200> (referer: https://sec.douban.com/b?r=https%3A%2F%2Fmovie.douban.com%2Ftop250%3Fstart%3D175)
2017-12-12 17:50:22 [scrapy.downloadermiddlewares.redirect] DEBUG: Redirecting (302) to <GET https://sec.douban.com/b?r=https%3A%2F%2Fmovie.douban.com%2Ftop250%3Fstart%3D225> from <GET https://movie.douban.com/top250?start=225>
2017-12-12 17:50:22 [scrapy.core.engine] DEBUG: Crawled (403) <GET https://sec.douban.com/b?r=https%3A%2F%2Fmovie.douban.com%2Ftop250%3Fstart%3D225> (referer: https://sec.douban.com/b?r=https%3A%2F%2Fmovie.douban.com%2Ftop250%3Fstart%3D200)
2017-12-12 17:50:22 [scrapy.core.engine] INFO: Closing spider (finished)
2017-12-12 17:50:22 [scrapy.statscollectors] INFO: Dumping Scrapy stats:
{'downloader/request_bytes': 8588,
 'downloader/request_count': 20,
 'downloader/request_method_count/GET': 20,
 'downloader/response_bytes': 7100,
 'downloader/response_count': 20,
 'downloader/response_status_count/302': 10,
 'downloader/response_status_count/403': 10,
 'finish_reason': 'finished',
 'finish_time': datetime.datetime(2017, 12, 12, 9, 50, 22, 275414),
 'log_count/DEBUG': 21,
 'log_count/INFO': 7,
 'memusage/max': 41156608,
 'memusage/startup': 41152512,
 'request_depth_max': 9,
 'response_received_count': 10,
 'scheduler/dequeued': 20,
 'scheduler/dequeued/memory': 20,
 'scheduler/enqueued': 20,
 'scheduler/enqueued/memory': 20,
 'start_time': datetime.datetime(2017, 12, 12, 9, 50, 19, 68522)}
2017-12-12 17:50:22 [scrapy.core.engine] INFO: Spider closed (finished)
