2017-10-19 22:52:39 [scrapy.utils.log] INFO: Scrapy 1.4.0 started (bot: TencentSpider)
2017-10-19 22:52:39 [scrapy.utils.log] INFO: Overridden settings: {'NEWSPIDER_MODULE': 'TencentSpider.spiders', 'SPIDER_MODULES': ['TencentSpider.spiders'], 'LOG_FILE': 'tencentlog.log', 'LOG_LEVEL': 'INFO', 'BOT_NAME': 'TencentSpider'}
2017-10-19 22:52:39 [scrapy.middleware] INFO: Enabled extensions:
['scrapy.extensions.memusage.MemoryUsage',
 'scrapy.extensions.logstats.LogStats',
 'scrapy.extensions.telnet.TelnetConsole',
 'scrapy.extensions.corestats.CoreStats']
2017-10-19 22:52:39 [scrapy.middleware] INFO: Enabled downloader middlewares:
['scrapy.downloadermiddlewares.httpauth.HttpAuthMiddleware',
 'scrapy.downloadermiddlewares.downloadtimeout.DownloadTimeoutMiddleware',
 'scrapy.downloadermiddlewares.defaultheaders.DefaultHeadersMiddleware',
 'scrapy.downloadermiddlewares.useragent.UserAgentMiddleware',
 'scrapy.downloadermiddlewares.retry.RetryMiddleware',
 'scrapy.downloadermiddlewares.redirect.MetaRefreshMiddleware',
 'scrapy.downloadermiddlewares.httpcompression.HttpCompressionMiddleware',
 'scrapy.downloadermiddlewares.redirect.RedirectMiddleware',
 'scrapy.downloadermiddlewares.cookies.CookiesMiddleware',
 'scrapy.downloadermiddlewares.httpproxy.HttpProxyMiddleware',
 'scrapy.downloadermiddlewares.stats.DownloaderStats']
2017-10-19 22:52:39 [scrapy.middleware] INFO: Enabled spider middlewares:
['scrapy.spidermiddlewares.httperror.HttpErrorMiddleware',
 'scrapy.spidermiddlewares.offsite.OffsiteMiddleware',
 'scrapy.spidermiddlewares.referer.RefererMiddleware',
 'scrapy.spidermiddlewares.urllength.UrlLengthMiddleware',
 'scrapy.spidermiddlewares.depth.DepthMiddleware']
2017-10-19 22:52:39 [scrapy.middleware] INFO: Enabled item pipelines:
['TencentSpider.pipelines.TencentspiderPipeline']
2017-10-19 22:52:39 [scrapy.core.engine] INFO: Spider opened
2017-10-19 22:52:40 [scrapy.extensions.logstats] INFO: Crawled 0 pages (at 0 pages/min), scraped 0 items (at 0 items/min)
2017-10-19 22:52:54 [scrapy.core.engine] INFO: Closing spider (finished)
2017-10-19 22:52:54 [scrapy.statscollectors] INFO: Dumping Scrapy stats:
{'downloader/request_bytes': 79322,
 'downloader/request_count': 235,
 'downloader/request_method_count/GET': 235,
 'downloader/response_bytes': 932022,
 'downloader/response_count': 235,
 'downloader/response_status_count/200': 235,
 'dupefilter/filtered': 1642,
 'finish_reason': 'finished',
 'finish_time': datetime.datetime(2017, 10, 19, 14, 52, 54, 969717),
 'item_scraped_count': 1167,
 'log_count/INFO': 7,
 'memusage/max': 28692480,
 'memusage/startup': 28692480,
 'request_depth_max': 35,
 'response_received_count': 235,
 'scheduler/dequeued': 235,
 'scheduler/dequeued/memory': 235,
 'scheduler/enqueued': 235,
 'scheduler/enqueued/memory': 235,
 'start_time': datetime.datetime(2017, 10, 19, 14, 52, 40, 128881)}
2017-10-19 22:52:54 [scrapy.core.engine] INFO: Spider closed (finished)
